#-----------------------------------------------------------
# Vivado v2023.1 (64-bit)
# SW Build 3865809 on Sun May  7 15:05:29 MDT 2023
# IP Build 3864474 on Sun May  7 20:36:21 MDT 2023
# SharedData Build 3865790 on Sun May 07 13:33:03 MDT 2023
# Start of session at: Thu Nov  2 18:35:47 2023
# Process ID: 19960
# Current directory: C:/Users/tannerkleintop/Desktop/CMPEN 311/CMPEN331_Lab4
# Command line: vivado.exe -gui_launcher_event rodinguilauncherevent19408 C:\Users\tannerkleintop\Desktop\CMPEN 311\CMPEN331_Lab4\CMPEN331_Lab4.xpr
# Log file: C:/Users/tannerkleintop/Desktop/CMPEN 311/CMPEN331_Lab4/vivado.log
# Journal file: C:/Users/tannerkleintop/Desktop/CMPEN 311/CMPEN331_Lab4\vivado.jou
# Running On: TANNERKLEINTOP, OS: Windows, CPU Frequency: 3200 MHz, CPU Physical cores: 1, Host memory: 8584 MB
#-----------------------------------------------------------
start_gui
open_project {C:/Users/tannerkleintop/Desktop/CMPEN 311/CMPEN331_Lab4/CMPEN331_Lab4.xpr}
WARNING: [Board 49-26] cannot add Board Part xilinx.com:vek280_es:part0:1.0 available at C:/Xilinx/Vivado/2023.1/data/xhub/boards/XilinxBoardStore/boards/Xilinx/vek280/es/rev_a/1.0/board.xml as part xcve2802-vsvh1760-2lp-e-s-es1 specified in board_part file is either invalid or not available
WARNING: [Board 49-26] cannot add Board Part xilinx.com:vek280_es:part0:1.1 available at C:/Xilinx/Vivado/2023.1/data/xhub/boards/XilinxBoardStore/boards/Xilinx/vek280/es/rev_a/1.1/board.xml as part xcve2802-vsvh1760-2lp-e-s-es1 specified in board_part file is either invalid or not available
WARNING: [Board 49-26] cannot add Board Part xilinx.com:vek280_es_revb:part0:1.0 available at C:/Xilinx/Vivado/2023.1/data/xhub/boards/XilinxBoardStore/boards/Xilinx/vek280/es/rev_b/1.0/board.xml as part xcve2802-vsvh1760-2mp-e-s-es1 specified in board_part file is either invalid or not available
WARNING: [Board 49-26] cannot add Board Part xilinx.com:vek280_es_revb:part0:1.1 available at C:/Xilinx/Vivado/2023.1/data/xhub/boards/XilinxBoardStore/boards/Xilinx/vek280/es/rev_b/1.1/board.xml as part xcve2802-vsvh1760-2mp-e-s-es1 specified in board_part file is either invalid or not available
WARNING: [Board 49-26] cannot add Board Part xilinx.com:vhk158_es:part0:1.0 available at C:/Xilinx/Vivado/2023.1/data/xhub/boards/XilinxBoardStore/boards/Xilinx/vhk158/es/1.0/board.xml as part xcvh1582-vsva3697-2mp-e-s-es1 specified in board_part file is either invalid or not available
WARNING: [Board 49-26] cannot add Board Part xilinx.com:vhk158_es:part0:1.1 available at C:/Xilinx/Vivado/2023.1/data/xhub/boards/XilinxBoardStore/boards/Xilinx/vhk158/es/1.1/board.xml as part xcvh1582-vsva3697-2mp-e-s-es1 specified in board_part file is either invalid or not available
WARNING: [Board 49-26] cannot add Board Part xilinx.com:vpk120_es:part0:1.2 available at C:/Xilinx/Vivado/2023.1/data/xhub/boards/XilinxBoardStore/boards/Xilinx/vpk120/es/1.2/board.xml as part xcvp1202-vsva2785-2mp-e-s-es1 specified in board_part file is either invalid or not available
WARNING: [Board 49-26] cannot add Board Part xilinx.com:vpk120_es:part0:1.3 available at C:/Xilinx/Vivado/2023.1/data/xhub/boards/XilinxBoardStore/boards/Xilinx/vpk120/es/1.3/board.xml as part xcvp1202-vsva2785-2mp-e-s-es1 specified in board_part file is either invalid or not available
WARNING: [Board 49-26] cannot add Board Part xilinx.com:vpk120_es_revb:part0:1.0 available at C:/Xilinx/Vivado/2023.1/data/xhub/boards/XilinxBoardStore/boards/Xilinx/vpk120_revb/es/1.0/board.xml as part xcvp1202-vsva2785-2mp-e-s-es1 specified in board_part file is either invalid or not available
WARNING: [Board 49-26] cannot add Board Part xilinx.com:vpk120_es_revb:part0:1.1 available at C:/Xilinx/Vivado/2023.1/data/xhub/boards/XilinxBoardStore/boards/Xilinx/vpk120_revb/es/1.1/board.xml as part xcvp1202-vsva2785-2mp-e-s-es1 specified in board_part file is either invalid or not available
WARNING: [Board 49-26] cannot add Board Part xilinx.com:vpk180_es:part0:1.0 available at C:/Xilinx/Vivado/2023.1/data/xhub/boards/XilinxBoardStore/boards/Xilinx/vpk180/es/1.0/board.xml as part xcvp1802-lsvc4072-2mp-e-s-es1 specified in board_part file is either invalid or not available
WARNING: [Board 49-26] cannot add Board Part xilinx.com:vpk180_es:part0:1.1 available at C:/Xilinx/Vivado/2023.1/data/xhub/boards/XilinxBoardStore/boards/Xilinx/vpk180/es/1.1/board.xml as part xcvp1802-lsvc4072-2mp-e-s-es1 specified in board_part file is either invalid or not available
WARNING: [Board 49-26] cannot add Board Part xilinx.com:zcu208ld:part0:2.0 available at C:/Xilinx/Vivado/2023.1/data/xhub/boards/XilinxBoardStore/boards/Xilinx/zcu208ld/production/2.0/board.xml as part xczu58dr-fsvg1517-2-i specified in board_part file is either invalid or not available
WARNING: [Board 49-26] cannot add Board Part xilinx.com:zcu216ld:part0:2.0 available at C:/Xilinx/Vivado/2023.1/data/xhub/boards/XilinxBoardStore/boards/Xilinx/zcu216ld/production/2.0/board.xml as part xczu59dr-ffvf1760-2-i specified in board_part file is either invalid or not available
WARNING: [Board 49-26] cannot add Board Part xilinx.com:zcu670:part0:2.0 available at C:/Xilinx/Vivado/2023.1/data/xhub/boards/XilinxBoardStore/boards/Xilinx/zcu670/2.0/board.xml as part xczu67dr-fsve1156-2-i specified in board_part file is either invalid or not available
WARNING: [Board 49-26] cannot add Board Part xilinx.com:zcu670ld:part0:1.0 available at C:/Xilinx/Vivado/2023.1/data/xhub/boards/XilinxBoardStore/boards/Xilinx/zcu670ld/1.0/board.xml as part xczu57dr-fsve1156-2-i specified in board_part file is either invalid or not available
INFO: [filemgmt 56-3] Default IP Output Path : Could not find the directory 'C:/Users/tannerkleintop/Desktop/CMPEN 311/CMPEN331_Lab4/CMPEN331_Lab4.gen/sources_1'.
Scanning sources...
Finished scanning sources
INFO: [IP_Flow 19-234] Refreshing IP repositories
INFO: [IP_Flow 19-1704] No user IP repositories specified
INFO: [IP_Flow 19-2313] Loaded Vivado IP repository 'C:/Xilinx/Vivado/2023.1/data/ip'.
open_project: Time (s): cpu = 00:00:59 ; elapsed = 00:00:33 . Memory (MB): peak = 2964.988 ; gain = 367.285
update_compile_order -fileset sources_1
synth_design -top Datapath -part xc7z010clg400-1 -lint 
Command: synth_design -top Datapath -part xc7z010clg400-1 -lint
Starting synth_design
Attempting to get a license for feature 'Synthesis' and/or device 'xc7z010'
INFO: [Common 17-349] Got license for feature 'Synthesis' and/or device 'xc7z010'
INFO: [Device 21-403] Loading part xc7z010clg400-1
---------------------------------------------------------------------------------
Starting RTL Elaboration : Time (s): cpu = 00:00:13 ; elapsed = 00:00:12 . Memory (MB): peak = 3778.172 ; gain = 393.875
---------------------------------------------------------------------------------
Clean up Linter database...
INFO: [Synth 8-6157] synthesizing module 'Datapath' [C:/Users/tannerkleintop/Desktop/CMPEN 311/CMPEN331_Lab4/CMPEN331_Lab4.srcs/sources_1/imports/new/Datapath.v:23]
INFO: [Synth 8-6157] synthesizing module 'ProgramCounter' [C:/Users/tannerkleintop/Desktop/CMPEN 311/CMPEN331_Lab4/CMPEN331_Lab4.srcs/sources_1/imports/new/ProgramCounter.v:24]
INFO: [Synth 8-6155] done synthesizing module 'ProgramCounter' (1#1) [C:/Users/tannerkleintop/Desktop/CMPEN 311/CMPEN331_Lab4/CMPEN331_Lab4.srcs/sources_1/imports/new/ProgramCounter.v:24]
INFO: [Synth 8-6157] synthesizing module 'pcAdder' [C:/Users/tannerkleintop/Desktop/CMPEN 311/CMPEN331_Lab4/CMPEN331_Lab4.srcs/sources_1/imports/new/pcAdder.v:23]
INFO: [Synth 8-6155] done synthesizing module 'pcAdder' (2#1) [C:/Users/tannerkleintop/Desktop/CMPEN 311/CMPEN331_Lab4/CMPEN331_Lab4.srcs/sources_1/imports/new/pcAdder.v:23]
INFO: [Synth 8-6157] synthesizing module 'InstructionMemory' [C:/Users/tannerkleintop/Desktop/CMPEN 311/CMPEN331_Lab4/CMPEN331_Lab4.srcs/sources_1/imports/new/InstructionMemory.v:23]
INFO: [Synth 8-6155] done synthesizing module 'InstructionMemory' (3#1) [C:/Users/tannerkleintop/Desktop/CMPEN 311/CMPEN331_Lab4/CMPEN331_Lab4.srcs/sources_1/imports/new/InstructionMemory.v:23]
INFO: [Synth 8-6157] synthesizing module 'IFIDpipelineReg' [C:/Users/tannerkleintop/Desktop/CMPEN 311/CMPEN331_Lab4/CMPEN331_Lab4.srcs/sources_1/imports/new/IFIDpipelineReg.v:23]
INFO: [Synth 8-6155] done synthesizing module 'IFIDpipelineReg' (4#1) [C:/Users/tannerkleintop/Desktop/CMPEN 311/CMPEN331_Lab4/CMPEN331_Lab4.srcs/sources_1/imports/new/IFIDpipelineReg.v:23]
INFO: [Synth 8-6157] synthesizing module 'ControlUnit' [C:/Users/tannerkleintop/Desktop/CMPEN 311/CMPEN331_Lab4/CMPEN331_Lab4.srcs/sources_1/imports/new/ControlUnit.v:22]
INFO: [Synth 8-6155] done synthesizing module 'ControlUnit' (5#1) [C:/Users/tannerkleintop/Desktop/CMPEN 311/CMPEN331_Lab4/CMPEN331_Lab4.srcs/sources_1/imports/new/ControlUnit.v:22]
INFO: [Synth 8-6157] synthesizing module 'RegrtMultiplexer' [C:/Users/tannerkleintop/Desktop/CMPEN 311/CMPEN331_Lab4/CMPEN331_Lab4.srcs/sources_1/imports/new/RegrtMultiplexer.v:23]
INFO: [Synth 8-6155] done synthesizing module 'RegrtMultiplexer' (6#1) [C:/Users/tannerkleintop/Desktop/CMPEN 311/CMPEN331_Lab4/CMPEN331_Lab4.srcs/sources_1/imports/new/RegrtMultiplexer.v:23]
INFO: [Synth 8-6157] synthesizing module 'RegisterFile' [C:/Users/tannerkleintop/Desktop/CMPEN 311/CMPEN331_Lab4/CMPEN331_Lab4.srcs/sources_1/imports/new/RegisterFile.v:23]
INFO: [Synth 8-6155] done synthesizing module 'RegisterFile' (7#1) [C:/Users/tannerkleintop/Desktop/CMPEN 311/CMPEN331_Lab4/CMPEN331_Lab4.srcs/sources_1/imports/new/RegisterFile.v:23]
INFO: [Synth 8-6157] synthesizing module 'ImmediateExtender' [C:/Users/tannerkleintop/Desktop/CMPEN 311/CMPEN331_Lab4/CMPEN331_Lab4.srcs/sources_1/imports/new/ImmediateExtender.v:23]
INFO: [Synth 8-6155] done synthesizing module 'ImmediateExtender' (8#1) [C:/Users/tannerkleintop/Desktop/CMPEN 311/CMPEN331_Lab4/CMPEN331_Lab4.srcs/sources_1/imports/new/ImmediateExtender.v:23]
INFO: [Synth 8-6157] synthesizing module 'IDEXEpipeline' [C:/Users/tannerkleintop/Desktop/CMPEN 311/CMPEN331_Lab4/CMPEN331_Lab4.srcs/sources_1/imports/new/IDEXEpipeline.v:23]
INFO: [Synth 8-6155] done synthesizing module 'IDEXEpipeline' (9#1) [C:/Users/tannerkleintop/Desktop/CMPEN 311/CMPEN331_Lab4/CMPEN331_Lab4.srcs/sources_1/imports/new/IDEXEpipeline.v:23]
INFO: [Synth 8-6157] synthesizing module 'ALU' [C:/Users/tannerkleintop/Desktop/CMPEN 311/CMPEN331_Lab4/CMPEN331_Lab4.srcs/sources_1/new/ALU.v:23]
INFO: [Synth 8-155] case statement is not full and has no default [C:/Users/tannerkleintop/Desktop/CMPEN 311/CMPEN331_Lab4/CMPEN331_Lab4.srcs/sources_1/new/ALU.v:41]
INFO: [Synth 8-6155] done synthesizing module 'ALU' (10#1) [C:/Users/tannerkleintop/Desktop/CMPEN 311/CMPEN331_Lab4/CMPEN331_Lab4.srcs/sources_1/new/ALU.v:23]
INFO: [Synth 8-6157] synthesizing module 'ALUMux' [C:/Users/tannerkleintop/Desktop/CMPEN 311/CMPEN331_Lab4/CMPEN331_Lab4.srcs/sources_1/new/ALUMux.v:23]
INFO: [Synth 8-6155] done synthesizing module 'ALUMux' (11#1) [C:/Users/tannerkleintop/Desktop/CMPEN 311/CMPEN331_Lab4/CMPEN331_Lab4.srcs/sources_1/new/ALUMux.v:23]
INFO: [Synth 8-6157] synthesizing module 'EXEMEMpipeline' [C:/Users/tannerkleintop/Desktop/CMPEN 311/CMPEN331_Lab4/CMPEN331_Lab4.srcs/sources_1/new/EXEMEMpipeline.v:23]
INFO: [Synth 8-6155] done synthesizing module 'EXEMEMpipeline' (12#1) [C:/Users/tannerkleintop/Desktop/CMPEN 311/CMPEN331_Lab4/CMPEN331_Lab4.srcs/sources_1/new/EXEMEMpipeline.v:23]
INFO: [Synth 8-6157] synthesizing module 'DataMemory' [C:/Users/tannerkleintop/Desktop/CMPEN 311/CMPEN331_Lab4/CMPEN331_Lab4.srcs/sources_1/new/DataMemory.v:23]
INFO: [Synth 8-6155] done synthesizing module 'DataMemory' (13#1) [C:/Users/tannerkleintop/Desktop/CMPEN 311/CMPEN331_Lab4/CMPEN331_Lab4.srcs/sources_1/new/DataMemory.v:23]
INFO: [Synth 8-6157] synthesizing module 'MEMWBpipeline' [C:/Users/tannerkleintop/Desktop/CMPEN 311/CMPEN331_Lab4/CMPEN331_Lab4.srcs/sources_1/new/MEMWBpipeline.v:23]
INFO: [Synth 8-6155] done synthesizing module 'MEMWBpipeline' (14#1) [C:/Users/tannerkleintop/Desktop/CMPEN 311/CMPEN331_Lab4/CMPEN331_Lab4.srcs/sources_1/new/MEMWBpipeline.v:23]
INFO: [Synth 8-6155] done synthesizing module 'Datapath' (15#1) [C:/Users/tannerkleintop/Desktop/CMPEN 311/CMPEN331_Lab4/CMPEN331_Lab4.srcs/sources_1/imports/new/Datapath.v:23]
---------------------------------------------------------------------------------
Finished RTL Elaboration : Time (s): cpu = 00:00:16 ; elapsed = 00:00:15 . Memory (MB): peak = 3871.066 ; gain = 486.770
---------------------------------------------------------------------------------
Copyright 1986-2022 Xilinx, Inc. All Rights Reserved. Copyright 2022-2023 Advanced Micro Devices, Inc. All Rights Reserved.
---------------------------------------------------------------------------------------------------------------------------------------------
| Tool Version : Vivado v.2023.1 (win64) Build 3865809 Sun May  7 15:05:29 MDT 2023
| Date         : Thu Nov  2 18:44:36 2023
| Host         : TANNERKLEINTOP running 64-bit major release  (build 9200)
---------------------------------------------------------------------------------------------------------------------------------------------

RTL Linter Report

Table of Contents
-----------------
1. Summary

1. Summary
----------

+-----------+--------------+----------+
| Rule ID   | # Violations | # Waived |
+-----------+--------------+----------+
| ASSIGN-5  | 1            | 0        |
| ASSIGN-10 | 2            | 0        |
| INFER-1   | 1            | 0        |
| INFER-2   | 1            | 0        |
+-----------+--------------+----------+


WARNING: [Synth 37-88] [INFER-1]Inferred latch found for r_reg. 
RTL Name 'r_reg', Hierarchy 'ALU', File 'C:/Users/tannerkleintop/Desktop/CMPEN 311/CMPEN331_Lab4/CMPEN331_Lab4.srcs/sources_1/new/ALU.v', Line 44.
WARNING: [Synth 37-75] [INFER-2]Case statement items not fully specified and does not have a default item. 
Hierarchy 'ALU', File 'C:/Users/tannerkleintop/Desktop/CMPEN 311/CMPEN331_Lab4/CMPEN331_Lab4.srcs/sources_1/new/ALU.v', Line 41.
WARNING: [Synth 37-102] [ASSIGN-10]All bits in IO 'mr' are not read. First unused bit index is 0. 
RTL Name 'mr', Hierarchy 'DataMemory', File 'C:/Users/tannerkleintop/Desktop/CMPEN 311/CMPEN331_Lab4/CMPEN331_Lab4.srcs/sources_1/new/DataMemory.v', Line 24.
WARNING: [Synth 37-87] [ASSIGN-5]All bits in array 'aluc' are not set. First unset bit index is 2. 
RTL Name 'aluc', Hierarchy 'Datapath', File 'C:/Users/tannerkleintop/Desktop/CMPEN 311/CMPEN331_Lab4/CMPEN331_Lab4.srcs/sources_1/imports/new/Datapath.v', Line 67.
WARNING: [Synth 37-102] [ASSIGN-10]All bits in IO 'pc' are not read. First unused bit index is 0. 
RTL Name 'pc', Hierarchy 'InstructionMemory', File 'C:/Users/tannerkleintop/Desktop/CMPEN 311/CMPEN331_Lab4/CMPEN331_Lab4.srcs/sources_1/imports/new/InstructionMemory.v', Line 24.
INFO: [Synth 37-85] Total of 5 linter message(s) generated.
INFO: [Synth 37-45] Linter Run Finished!
Netlist sorting complete. Time (s): cpu = 00:00:00 ; elapsed = 00:00:00.033 . Memory (MB): peak = 3888.719 ; gain = 0.000
INFO: [Project 1-570] Preparing netlist for logic optimization

Processing XDC Constraints
Initializing timing engine
Completed Processing XDC Constraints

INFO: [Opt 31-138] Pushed 0 inverter(s) to 0 load pin(s).
Netlist sorting complete. Time (s): cpu = 00:00:00 ; elapsed = 00:00:00 . Memory (MB): peak = 3995.711 ; gain = 0.000
INFO: [Common 17-83] Releasing license: Synthesis
38 Infos, 5 Warnings, 0 Critical Warnings and 0 Errors encountered.
synth_design completed successfully
synth_design: Time (s): cpu = 00:00:37 ; elapsed = 00:00:40 . Memory (MB): peak = 3995.711 ; gain = 979.992
synth_design -rtl -rtl_skip_mlo -name rtl_1
Command: synth_design -rtl -rtl_skip_mlo -name rtl_1
Starting synth_design
Using part: xc7z010clg400-1
Top: Datapath
---------------------------------------------------------------------------------
Starting RTL Elaboration : Time (s): cpu = 00:00:13 ; elapsed = 00:00:12 . Memory (MB): peak = 3995.711 ; gain = 0.000
---------------------------------------------------------------------------------
INFO: [Synth 8-6157] synthesizing module 'Datapath' [C:/Users/tannerkleintop/Desktop/CMPEN 311/CMPEN331_Lab4/CMPEN331_Lab4.srcs/sources_1/imports/new/Datapath.v:23]
INFO: [Synth 8-6157] synthesizing module 'ProgramCounter' [C:/Users/tannerkleintop/Desktop/CMPEN 311/CMPEN331_Lab4/CMPEN331_Lab4.srcs/sources_1/imports/new/ProgramCounter.v:24]
INFO: [Synth 8-6155] done synthesizing module 'ProgramCounter' (0#1) [C:/Users/tannerkleintop/Desktop/CMPEN 311/CMPEN331_Lab4/CMPEN331_Lab4.srcs/sources_1/imports/new/ProgramCounter.v:24]
INFO: [Synth 8-6157] synthesizing module 'pcAdder' [C:/Users/tannerkleintop/Desktop/CMPEN 311/CMPEN331_Lab4/CMPEN331_Lab4.srcs/sources_1/imports/new/pcAdder.v:23]
INFO: [Synth 8-6155] done synthesizing module 'pcAdder' (0#1) [C:/Users/tannerkleintop/Desktop/CMPEN 311/CMPEN331_Lab4/CMPEN331_Lab4.srcs/sources_1/imports/new/pcAdder.v:23]
INFO: [Synth 8-6157] synthesizing module 'InstructionMemory' [C:/Users/tannerkleintop/Desktop/CMPEN 311/CMPEN331_Lab4/CMPEN331_Lab4.srcs/sources_1/imports/new/InstructionMemory.v:23]
INFO: [Synth 8-6155] done synthesizing module 'InstructionMemory' (0#1) [C:/Users/tannerkleintop/Desktop/CMPEN 311/CMPEN331_Lab4/CMPEN331_Lab4.srcs/sources_1/imports/new/InstructionMemory.v:23]
INFO: [Synth 8-6157] synthesizing module 'IFIDpipelineReg' [C:/Users/tannerkleintop/Desktop/CMPEN 311/CMPEN331_Lab4/CMPEN331_Lab4.srcs/sources_1/imports/new/IFIDpipelineReg.v:23]
INFO: [Synth 8-6155] done synthesizing module 'IFIDpipelineReg' (0#1) [C:/Users/tannerkleintop/Desktop/CMPEN 311/CMPEN331_Lab4/CMPEN331_Lab4.srcs/sources_1/imports/new/IFIDpipelineReg.v:23]
INFO: [Synth 8-6157] synthesizing module 'ControlUnit' [C:/Users/tannerkleintop/Desktop/CMPEN 311/CMPEN331_Lab4/CMPEN331_Lab4.srcs/sources_1/imports/new/ControlUnit.v:22]
INFO: [Synth 8-6155] done synthesizing module 'ControlUnit' (0#1) [C:/Users/tannerkleintop/Desktop/CMPEN 311/CMPEN331_Lab4/CMPEN331_Lab4.srcs/sources_1/imports/new/ControlUnit.v:22]
INFO: [Synth 8-6157] synthesizing module 'RegrtMultiplexer' [C:/Users/tannerkleintop/Desktop/CMPEN 311/CMPEN331_Lab4/CMPEN331_Lab4.srcs/sources_1/imports/new/RegrtMultiplexer.v:23]
INFO: [Synth 8-6155] done synthesizing module 'RegrtMultiplexer' (0#1) [C:/Users/tannerkleintop/Desktop/CMPEN 311/CMPEN331_Lab4/CMPEN331_Lab4.srcs/sources_1/imports/new/RegrtMultiplexer.v:23]
INFO: [Synth 8-6157] synthesizing module 'RegisterFile' [C:/Users/tannerkleintop/Desktop/CMPEN 311/CMPEN331_Lab4/CMPEN331_Lab4.srcs/sources_1/imports/new/RegisterFile.v:23]
INFO: [Synth 8-6155] done synthesizing module 'RegisterFile' (0#1) [C:/Users/tannerkleintop/Desktop/CMPEN 311/CMPEN331_Lab4/CMPEN331_Lab4.srcs/sources_1/imports/new/RegisterFile.v:23]
INFO: [Synth 8-6157] synthesizing module 'ImmediateExtender' [C:/Users/tannerkleintop/Desktop/CMPEN 311/CMPEN331_Lab4/CMPEN331_Lab4.srcs/sources_1/imports/new/ImmediateExtender.v:23]
INFO: [Synth 8-6155] done synthesizing module 'ImmediateExtender' (0#1) [C:/Users/tannerkleintop/Desktop/CMPEN 311/CMPEN331_Lab4/CMPEN331_Lab4.srcs/sources_1/imports/new/ImmediateExtender.v:23]
INFO: [Synth 8-6157] synthesizing module 'IDEXEpipeline' [C:/Users/tannerkleintop/Desktop/CMPEN 311/CMPEN331_Lab4/CMPEN331_Lab4.srcs/sources_1/imports/new/IDEXEpipeline.v:23]
INFO: [Synth 8-6155] done synthesizing module 'IDEXEpipeline' (0#1) [C:/Users/tannerkleintop/Desktop/CMPEN 311/CMPEN331_Lab4/CMPEN331_Lab4.srcs/sources_1/imports/new/IDEXEpipeline.v:23]
INFO: [Synth 8-6157] synthesizing module 'ALU' [C:/Users/tannerkleintop/Desktop/CMPEN 311/CMPEN331_Lab4/CMPEN331_Lab4.srcs/sources_1/new/ALU.v:23]
INFO: [Synth 8-155] case statement is not full and has no default [C:/Users/tannerkleintop/Desktop/CMPEN 311/CMPEN331_Lab4/CMPEN331_Lab4.srcs/sources_1/new/ALU.v:41]
INFO: [Synth 8-6155] done synthesizing module 'ALU' (0#1) [C:/Users/tannerkleintop/Desktop/CMPEN 311/CMPEN331_Lab4/CMPEN331_Lab4.srcs/sources_1/new/ALU.v:23]
INFO: [Synth 8-6157] synthesizing module 'ALUMux' [C:/Users/tannerkleintop/Desktop/CMPEN 311/CMPEN331_Lab4/CMPEN331_Lab4.srcs/sources_1/new/ALUMux.v:23]
INFO: [Synth 8-6155] done synthesizing module 'ALUMux' (0#1) [C:/Users/tannerkleintop/Desktop/CMPEN 311/CMPEN331_Lab4/CMPEN331_Lab4.srcs/sources_1/new/ALUMux.v:23]
INFO: [Synth 8-6157] synthesizing module 'EXEMEMpipeline' [C:/Users/tannerkleintop/Desktop/CMPEN 311/CMPEN331_Lab4/CMPEN331_Lab4.srcs/sources_1/new/EXEMEMpipeline.v:23]
INFO: [Synth 8-6155] done synthesizing module 'EXEMEMpipeline' (0#1) [C:/Users/tannerkleintop/Desktop/CMPEN 311/CMPEN331_Lab4/CMPEN331_Lab4.srcs/sources_1/new/EXEMEMpipeline.v:23]
INFO: [Synth 8-6157] synthesizing module 'DataMemory' [C:/Users/tannerkleintop/Desktop/CMPEN 311/CMPEN331_Lab4/CMPEN331_Lab4.srcs/sources_1/new/DataMemory.v:23]
INFO: [Synth 8-6155] done synthesizing module 'DataMemory' (0#1) [C:/Users/tannerkleintop/Desktop/CMPEN 311/CMPEN331_Lab4/CMPEN331_Lab4.srcs/sources_1/new/DataMemory.v:23]
INFO: [Synth 8-6157] synthesizing module 'MEMWBpipeline' [C:/Users/tannerkleintop/Desktop/CMPEN 311/CMPEN331_Lab4/CMPEN331_Lab4.srcs/sources_1/new/MEMWBpipeline.v:23]
INFO: [Synth 8-6155] done synthesizing module 'MEMWBpipeline' (0#1) [C:/Users/tannerkleintop/Desktop/CMPEN 311/CMPEN331_Lab4/CMPEN331_Lab4.srcs/sources_1/new/MEMWBpipeline.v:23]
INFO: [Synth 8-6155] done synthesizing module 'Datapath' (0#1) [C:/Users/tannerkleintop/Desktop/CMPEN 311/CMPEN331_Lab4/CMPEN331_Lab4.srcs/sources_1/imports/new/Datapath.v:23]
---------------------------------------------------------------------------------
Finished RTL Elaboration : Time (s): cpu = 00:00:17 ; elapsed = 00:00:15 . Memory (MB): peak = 3995.711 ; gain = 0.000
---------------------------------------------------------------------------------
---------------------------------------------------------------------------------
Start Handling Custom Attributes
---------------------------------------------------------------------------------
---------------------------------------------------------------------------------
Finished Handling Custom Attributes : Time (s): cpu = 00:00:17 ; elapsed = 00:00:16 . Memory (MB): peak = 3995.711 ; gain = 0.000
---------------------------------------------------------------------------------
---------------------------------------------------------------------------------
Finished RTL Optimization Phase 1 : Time (s): cpu = 00:00:17 ; elapsed = 00:00:16 . Memory (MB): peak = 3995.711 ; gain = 0.000
---------------------------------------------------------------------------------
Netlist sorting complete. Time (s): cpu = 00:00:00 ; elapsed = 00:00:00.030 . Memory (MB): peak = 3995.711 ; gain = 0.000
INFO: [Project 1-570] Preparing netlist for logic optimization

Processing XDC Constraints
Initializing timing engine
Completed Processing XDC Constraints

Netlist sorting complete. Time (s): cpu = 00:00:00 ; elapsed = 00:00:00 . Memory (MB): peak = 3995.711 ; gain = 0.000
INFO: [Project 1-111] Unisim Transformation Summary:
No Unisim elements were transformed.

RTL Elaboration Complete:  : Time (s): cpu = 00:00:39 ; elapsed = 00:00:26 . Memory (MB): peak = 4019.930 ; gain = 24.219
33 Infos, 0 Warnings, 0 Critical Warnings and 0 Errors encountered.
synth_design completed successfully
synth_design: Time (s): cpu = 00:00:39 ; elapsed = 00:00:26 . Memory (MB): peak = 4019.930 ; gain = 24.219
launch_simulation
Command: launch_simulation 
INFO: [Vivado 12-12493] Simulation top is 'TestBench'
WARNING: [Vivado 12-13340] Unable to auto find GCC executables from simulator install path! (path not set)
INFO: [Vivado 12-5682] Launching behavioral simulation in 'C:/Users/tannerkleintop/Desktop/CMPEN 311/CMPEN331_Lab4/CMPEN331_Lab4.sim/sim_1/behav/xsim'
INFO: [SIM-utils-51] Simulation object is 'sim_1'
INFO: [SIM-utils-72] Using boost library from 'C:/Xilinx/Vivado/2023.1/tps/boost_1_72_0'
INFO: [SIM-utils-54] Inspecting design source files for 'TestBench' in fileset 'sim_1'...
INFO: [USF-XSim-97] Finding global include files...
INFO: [USF-XSim-98] Fetching design files from 'sim_1'...
INFO: [USF-XSim-2] XSim::Compile design
INFO: [USF-XSim-61] Executing 'COMPILE and ANALYZE' step in 'C:/Users/tannerkleintop/Desktop/CMPEN 311/CMPEN331_Lab4/CMPEN331_Lab4.sim/sim_1/behav/xsim'
"xvlog --incr --relax -prj TestBench_vlog.prj"
INFO: [VRFC 10-2263] Analyzing Verilog file "C:/Users/tannerkleintop/Desktop/CMPEN 311/CMPEN331_Lab4/CMPEN331_Lab4.srcs/sources_1/new/ALU.v" into library xil_defaultlib
INFO: [VRFC 10-311] analyzing module ALU
INFO: [VRFC 10-2263] Analyzing Verilog file "C:/Users/tannerkleintop/Desktop/CMPEN 311/CMPEN331_Lab4/CMPEN331_Lab4.srcs/sources_1/new/ALUMux.v" into library xil_defaultlib
INFO: [VRFC 10-311] analyzing module ALUMux
INFO: [VRFC 10-2263] Analyzing Verilog file "C:/Users/tannerkleintop/Desktop/CMPEN 311/CMPEN331_Lab4/CMPEN331_Lab4.srcs/sources_1/imports/new/ControlUnit.v" into library xil_defaultlib
INFO: [VRFC 10-311] analyzing module ControlUnit
INFO: [VRFC 10-2263] Analyzing Verilog file "C:/Users/tannerkleintop/Desktop/CMPEN 311/CMPEN331_Lab4/CMPEN331_Lab4.srcs/sources_1/new/DataMemory.v" into library xil_defaultlib
INFO: [VRFC 10-311] analyzing module DataMemory
INFO: [VRFC 10-2263] Analyzing Verilog file "C:/Users/tannerkleintop/Desktop/CMPEN 311/CMPEN331_Lab4/CMPEN331_Lab4.srcs/sources_1/imports/new/Datapath.v" into library xil_defaultlib
INFO: [VRFC 10-311] analyzing module Datapath
INFO: [VRFC 10-2263] Analyzing Verilog file "C:/Users/tannerkleintop/Desktop/CMPEN 311/CMPEN331_Lab4/CMPEN331_Lab4.srcs/sources_1/new/EXEMEMpipeline.v" into library xil_defaultlib
INFO: [VRFC 10-311] analyzing module EXEMEMpipeline
INFO: [VRFC 10-2263] Analyzing Verilog file "C:/Users/tannerkleintop/Desktop/CMPEN 311/CMPEN331_Lab4/CMPEN331_Lab4.srcs/sources_1/imports/new/IDEXEpipeline.v" into library xil_defaultlib
INFO: [VRFC 10-311] analyzing module IDEXEpipeline
INFO: [VRFC 10-2263] Analyzing Verilog file "C:/Users/tannerkleintop/Desktop/CMPEN 311/CMPEN331_Lab4/CMPEN331_Lab4.srcs/sources_1/imports/new/IFIDpipelineReg.v" into library xil_defaultlib
INFO: [VRFC 10-311] analyzing module IFIDpipelineReg
INFO: [VRFC 10-2263] Analyzing Verilog file "C:/Users/tannerkleintop/Desktop/CMPEN 311/CMPEN331_Lab4/CMPEN331_Lab4.srcs/sources_1/imports/new/ImmediateExtender.v" into library xil_defaultlib
INFO: [VRFC 10-311] analyzing module ImmediateExtender
INFO: [VRFC 10-2263] Analyzing Verilog file "C:/Users/tannerkleintop/Desktop/CMPEN 311/CMPEN331_Lab4/CMPEN331_Lab4.srcs/sources_1/imports/new/InstructionMemory.v" into library xil_defaultlib
INFO: [VRFC 10-311] analyzing module InstructionMemory
INFO: [VRFC 10-2263] Analyzing Verilog file "C:/Users/tannerkleintop/Desktop/CMPEN 311/CMPEN331_Lab4/CMPEN331_Lab4.srcs/sources_1/new/MEMWBpipeline.v" into library xil_defaultlib
INFO: [VRFC 10-311] analyzing module MEMWBpipeline
INFO: [VRFC 10-2263] Analyzing Verilog file "C:/Users/tannerkleintop/Desktop/CMPEN 311/CMPEN331_Lab4/CMPEN331_Lab4.srcs/sources_1/imports/new/ProgramCounter.v" into library xil_defaultlib
INFO: [VRFC 10-311] analyzing module ProgramCounter
INFO: [VRFC 10-2263] Analyzing Verilog file "C:/Users/tannerkleintop/Desktop/CMPEN 311/CMPEN331_Lab4/CMPEN331_Lab4.srcs/sources_1/imports/new/RegisterFile.v" into library xil_defaultlib
INFO: [VRFC 10-311] analyzing module RegisterFile
INFO: [VRFC 10-2263] Analyzing Verilog file "C:/Users/tannerkleintop/Desktop/CMPEN 311/CMPEN331_Lab4/CMPEN331_Lab4.srcs/sources_1/imports/new/RegrtMultiplexer.v" into library xil_defaultlib
INFO: [VRFC 10-311] analyzing module RegrtMultiplexer
INFO: [VRFC 10-2263] Analyzing Verilog file "C:/Users/tannerkleintop/Desktop/CMPEN 311/CMPEN331_Lab4/CMPEN331_Lab4.srcs/sources_1/imports/new/pcAdder.v" into library xil_defaultlib
INFO: [VRFC 10-311] analyzing module pcAdder
INFO: [VRFC 10-2263] Analyzing Verilog file "C:/Users/tannerkleintop/Desktop/CMPEN 311/CMPEN331_Lab4/CMPEN331_Lab4.srcs/sim_1/imports/CMPEN331_Lab3/TestBench.v" into library xil_defaultlib
INFO: [VRFC 10-311] analyzing module TestBench
run_program: Time (s): cpu = 00:00:01 ; elapsed = 00:00:06 . Memory (MB): peak = 4045.812 ; gain = 0.000
INFO: [USF-XSim-69] 'compile' step finished in '6' seconds
INFO: [USF-XSim-3] XSim::Elaborate design
INFO: [USF-XSim-61] Executing 'ELABORATE' step in 'C:/Users/tannerkleintop/Desktop/CMPEN 311/CMPEN331_Lab4/CMPEN331_Lab4.sim/sim_1/behav/xsim'
"xelab --incr --debug typical --relax --mt 2 -L xil_defaultlib -L unisims_ver -L unimacro_ver -L secureip --snapshot TestBench_behav xil_defaultlib.TestBench xil_defaultlib.glbl -log elaborate.log"
Vivado Simulator v2023.1
Copyright 1986-2022 Xilinx, Inc. All Rights Reserved.
Copyright 2022-2023 Advanced Micro Devices, Inc. All Rights Reserved.
Running: C:/Xilinx/Vivado/2023.1/bin/unwrapped/win64.o/xelab.exe --incr --debug typical --relax --mt 2 -L xil_defaultlib -L unisims_ver -L unimacro_ver -L secureip --snapshot TestBench_behav xil_defaultlib.TestBench xil_defaultlib.glbl -log elaborate.log 
Using 2 slave threads.
Starting static elaboration
Pass Through NonSizing Optimizer
Completed static elaboration
Starting simulation data flow analysis
Completed simulation data flow analysis
Time Resolution for simulation is 1ps
Compiling module xil_defaultlib.ProgramCounter
Compiling module xil_defaultlib.pcAdder
Compiling module xil_defaultlib.InstructionMemory
Compiling module xil_defaultlib.IFIDpipelineReg
Compiling module xil_defaultlib.ControlUnit
Compiling module xil_defaultlib.RegrtMultiplexer
Compiling module xil_defaultlib.RegisterFile
Compiling module xil_defaultlib.ImmediateExtender
Compiling module xil_defaultlib.IDEXEpipeline
Compiling module xil_defaultlib.ALU
Compiling module xil_defaultlib.ALUMux
Compiling module xil_defaultlib.EXEMEMpipeline
Compiling module xil_defaultlib.DataMemory
Compiling module xil_defaultlib.MEMWBpipeline
Compiling module xil_defaultlib.Datapath
Compiling module xil_defaultlib.TestBench
Compiling module xil_defaultlib.glbl
Built simulation snapshot TestBench_behav
run_program: Time (s): cpu = 00:00:03 ; elapsed = 00:00:08 . Memory (MB): peak = 4045.812 ; gain = 0.000
INFO: [USF-XSim-69] 'elaborate' step finished in '-75286' seconds
INFO: [USF-XSim-4] XSim::Simulate design
INFO: [USF-XSim-61] Executing 'SIMULATE' step in 'C:/Users/tannerkleintop/Desktop/CMPEN 311/CMPEN331_Lab4/CMPEN331_Lab4.sim/sim_1/behav/xsim'
INFO: [USF-XSim-98] *** Running xsim
   with args "TestBench_behav -key {Behavioral:sim_1:Functional:TestBench} -tclbatch {TestBench.tcl} -log {simulate.log}"
INFO: [USF-XSim-8] Loading simulator feature
Time resolution is 1 ps
source TestBench.tcl
# set curr_wave [current_wave_config]
# if { [string length $curr_wave] == 0 } {
#   if { [llength [get_objects]] > 0} {
#     add_wave /
#     set_property needs_save false [current_wave_config]
#   } else {
#      send_msg_id Add_Wave-1 WARNING "No top level signals found. Simulator will start without a wave window. If you want to open a wave window go to 'File->New Waveform Configuration' or type 'create_wave_config' in the TCL console."
#   }
# }
# run 1000ns
xsim: Time (s): cpu = 00:00:16 ; elapsed = 00:00:09 . Memory (MB): peak = 4060.812 ; gain = 13.266
INFO: [USF-XSim-96] XSim completed. Design snapshot 'TestBench_behav' loaded.
INFO: [USF-XSim-97] XSim simulation ran for 1000ns
launch_simulation: Time (s): cpu = 00:00:23 ; elapsed = 00:00:26 . Memory (MB): peak = 4060.812 ; gain = 15.000
close_sim
INFO: [Simtcl 6-16] Simulation closed
exit
INFO: [Common 17-206] Exiting Vivado at Fri Nov  3 12:07:34 2023...
