
*** Running vivado
    with args -log Datapath.vds -m64 -product Vivado -mode batch -messageDb vivado.pb -notrace -source Datapath.tcl



****** Vivado v2023.1 (64-bit)
  **** SW Build 3865809 on Sun May  7 15:05:29 MDT 2023
  **** IP Build 3864474 on Sun May  7 20:36:21 MDT 2023
  **** SharedData Build 3865790 on Sun May 07 13:33:03 MDT 2023
    ** Copyright 1986-2022 Xilinx, Inc. All Rights Reserved.
    ** Copyright 2022-2023 Advanced Micro Devices, Inc. All Rights Reserved.

source Datapath.tcl -notrace
create_project: Time (s): cpu = 00:00:15 ; elapsed = 00:00:16 . Memory (MB): peak = 1929.602 ; gain = 158.660
Command: synth_design -top Datapath -part xc7z010clg400-1
Starting synth_design
Attempting to get a license for feature 'Synthesis' and/or device 'xc7z010'
INFO: [Common 17-349] Got license for feature 'Synthesis' and/or device 'xc7z010'
INFO: [Synth 8-7079] Multithreading enabled for synth_design using a maximum of 2 processes.
INFO: [Synth 8-7078] Launching helper process for spawning children vivado processes
INFO: [Synth 8-7075] Helper process launched with PID 13896
---------------------------------------------------------------------------------
Starting Synthesize : Time (s): cpu = 00:00:13 ; elapsed = 00:00:14 . Memory (MB): peak = 2368.266 ; gain = 413.773
---------------------------------------------------------------------------------
INFO: [Synth 8-6157] synthesizing module 'Datapath' [C:/Users/tannerkleintop/Desktop/CMPEN 311/CMPEN331_FinalProjectNoEC/CMPEN331_FinalProjectNoEC.srcs/sources_1/imports/CMPEN331_Lab5.srcs/sources_1/imports/CMPEN331_Lab4.srcs/sources_1/imports/new/Datapath.v:23]
INFO: [Synth 8-6157] synthesizing module 'ProgramCounter' [C:/Users/tannerkleintop/Desktop/CMPEN 311/CMPEN331_FinalProjectNoEC/CMPEN331_FinalProjectNoEC.srcs/sources_1/imports/CMPEN331_Lab5.srcs/sources_1/imports/CMPEN331_Lab4.srcs/sources_1/imports/new/ProgramCounter.v:24]
INFO: [Synth 8-6155] done synthesizing module 'ProgramCounter' (0#1) [C:/Users/tannerkleintop/Desktop/CMPEN 311/CMPEN331_FinalProjectNoEC/CMPEN331_FinalProjectNoEC.srcs/sources_1/imports/CMPEN331_Lab5.srcs/sources_1/imports/CMPEN331_Lab4.srcs/sources_1/imports/new/ProgramCounter.v:24]
INFO: [Synth 8-6157] synthesizing module 'pcAdder' [C:/Users/tannerkleintop/Desktop/CMPEN 311/CMPEN331_FinalProjectNoEC/CMPEN331_FinalProjectNoEC.srcs/sources_1/imports/CMPEN331_Lab5.srcs/sources_1/imports/CMPEN331_Lab4.srcs/sources_1/imports/new/pcAdder.v:23]
INFO: [Synth 8-6155] done synthesizing module 'pcAdder' (0#1) [C:/Users/tannerkleintop/Desktop/CMPEN 311/CMPEN331_FinalProjectNoEC/CMPEN331_FinalProjectNoEC.srcs/sources_1/imports/CMPEN331_Lab5.srcs/sources_1/imports/CMPEN331_Lab4.srcs/sources_1/imports/new/pcAdder.v:23]
INFO: [Synth 8-6157] synthesizing module 'InstructionMemory' [C:/Users/tannerkleintop/Desktop/CMPEN 311/CMPEN331_FinalProjectNoEC/CMPEN331_FinalProjectNoEC.srcs/sources_1/imports/CMPEN331_Lab5.srcs/sources_1/imports/CMPEN331_Lab4.srcs/sources_1/imports/new/InstructionMemory.v:23]
INFO: [Synth 8-6155] done synthesizing module 'InstructionMemory' (0#1) [C:/Users/tannerkleintop/Desktop/CMPEN 311/CMPEN331_FinalProjectNoEC/CMPEN331_FinalProjectNoEC.srcs/sources_1/imports/CMPEN331_Lab5.srcs/sources_1/imports/CMPEN331_Lab4.srcs/sources_1/imports/new/InstructionMemory.v:23]
INFO: [Synth 8-6157] synthesizing module 'IFIDpipelineReg' [C:/Users/tannerkleintop/Desktop/CMPEN 311/CMPEN331_FinalProjectNoEC/CMPEN331_FinalProjectNoEC.srcs/sources_1/imports/CMPEN331_Lab5.srcs/sources_1/imports/CMPEN331_Lab4.srcs/sources_1/imports/new/IFIDpipelineReg.v:23]
INFO: [Synth 8-6155] done synthesizing module 'IFIDpipelineReg' (0#1) [C:/Users/tannerkleintop/Desktop/CMPEN 311/CMPEN331_FinalProjectNoEC/CMPEN331_FinalProjectNoEC.srcs/sources_1/imports/CMPEN331_Lab5.srcs/sources_1/imports/CMPEN331_Lab4.srcs/sources_1/imports/new/IFIDpipelineReg.v:23]
INFO: [Synth 8-6157] synthesizing module 'ControlUnit' [C:/Users/tannerkleintop/Desktop/CMPEN 311/CMPEN331_FinalProjectNoEC/CMPEN331_FinalProjectNoEC.srcs/sources_1/imports/CMPEN331_Lab5.srcs/sources_1/imports/CMPEN331_Lab4.srcs/sources_1/imports/new/ControlUnit.v:22]
INFO: [Synth 8-6155] done synthesizing module 'ControlUnit' (0#1) [C:/Users/tannerkleintop/Desktop/CMPEN 311/CMPEN331_FinalProjectNoEC/CMPEN331_FinalProjectNoEC.srcs/sources_1/imports/CMPEN331_Lab5.srcs/sources_1/imports/CMPEN331_Lab4.srcs/sources_1/imports/new/ControlUnit.v:22]
INFO: [Synth 8-6157] synthesizing module 'RegrtMultiplexer' [C:/Users/tannerkleintop/Desktop/CMPEN 311/CMPEN331_FinalProjectNoEC/CMPEN331_FinalProjectNoEC.srcs/sources_1/imports/CMPEN331_Lab5.srcs/sources_1/imports/CMPEN331_Lab4.srcs/sources_1/imports/new/RegrtMultiplexer.v:23]
INFO: [Synth 8-6155] done synthesizing module 'RegrtMultiplexer' (0#1) [C:/Users/tannerkleintop/Desktop/CMPEN 311/CMPEN331_FinalProjectNoEC/CMPEN331_FinalProjectNoEC.srcs/sources_1/imports/CMPEN331_Lab5.srcs/sources_1/imports/CMPEN331_Lab4.srcs/sources_1/imports/new/RegrtMultiplexer.v:23]
INFO: [Synth 8-6157] synthesizing module 'RegisterFile' [C:/Users/tannerkleintop/Desktop/CMPEN 311/CMPEN331_FinalProjectNoEC/CMPEN331_FinalProjectNoEC.srcs/sources_1/imports/CMPEN331_Lab5.srcs/sources_1/imports/CMPEN331_Lab4.srcs/sources_1/imports/new/RegisterFile.v:23]
INFO: [Synth 8-6155] done synthesizing module 'RegisterFile' (0#1) [C:/Users/tannerkleintop/Desktop/CMPEN 311/CMPEN331_FinalProjectNoEC/CMPEN331_FinalProjectNoEC.srcs/sources_1/imports/CMPEN331_Lab5.srcs/sources_1/imports/CMPEN331_Lab4.srcs/sources_1/imports/new/RegisterFile.v:23]
INFO: [Synth 8-6157] synthesizing module 'ImmediateExtender' [C:/Users/tannerkleintop/Desktop/CMPEN 311/CMPEN331_FinalProjectNoEC/CMPEN331_FinalProjectNoEC.srcs/sources_1/imports/CMPEN331_Lab5.srcs/sources_1/imports/CMPEN331_Lab4.srcs/sources_1/imports/new/ImmediateExtender.v:23]
INFO: [Synth 8-6155] done synthesizing module 'ImmediateExtender' (0#1) [C:/Users/tannerkleintop/Desktop/CMPEN 311/CMPEN331_FinalProjectNoEC/CMPEN331_FinalProjectNoEC.srcs/sources_1/imports/CMPEN331_Lab5.srcs/sources_1/imports/CMPEN331_Lab4.srcs/sources_1/imports/new/ImmediateExtender.v:23]
INFO: [Synth 8-6157] synthesizing module 'IDEXEpipeline' [C:/Users/tannerkleintop/Desktop/CMPEN 311/CMPEN331_FinalProjectNoEC/CMPEN331_FinalProjectNoEC.srcs/sources_1/imports/CMPEN331_Lab5.srcs/sources_1/imports/CMPEN331_Lab4.srcs/sources_1/imports/new/IDEXEpipeline.v:23]
INFO: [Synth 8-6155] done synthesizing module 'IDEXEpipeline' (0#1) [C:/Users/tannerkleintop/Desktop/CMPEN 311/CMPEN331_FinalProjectNoEC/CMPEN331_FinalProjectNoEC.srcs/sources_1/imports/CMPEN331_Lab5.srcs/sources_1/imports/CMPEN331_Lab4.srcs/sources_1/imports/new/IDEXEpipeline.v:23]
INFO: [Synth 8-6157] synthesizing module 'ALU' [C:/Users/tannerkleintop/Desktop/CMPEN 311/CMPEN331_FinalProjectNoEC/CMPEN331_FinalProjectNoEC.srcs/sources_1/imports/CMPEN331_Lab5.srcs/sources_1/imports/CMPEN331_Lab4.srcs/sources_1/new/ALU.v:23]
INFO: [Synth 8-155] case statement is not full and has no default [C:/Users/tannerkleintop/Desktop/CMPEN 311/CMPEN331_FinalProjectNoEC/CMPEN331_FinalProjectNoEC.srcs/sources_1/imports/CMPEN331_Lab5.srcs/sources_1/imports/CMPEN331_Lab4.srcs/sources_1/new/ALU.v:41]
INFO: [Synth 8-6155] done synthesizing module 'ALU' (0#1) [C:/Users/tannerkleintop/Desktop/CMPEN 311/CMPEN331_FinalProjectNoEC/CMPEN331_FinalProjectNoEC.srcs/sources_1/imports/CMPEN331_Lab5.srcs/sources_1/imports/CMPEN331_Lab4.srcs/sources_1/new/ALU.v:23]
INFO: [Synth 8-6157] synthesizing module 'ALUMux' [C:/Users/tannerkleintop/Desktop/CMPEN 311/CMPEN331_FinalProjectNoEC/CMPEN331_FinalProjectNoEC.srcs/sources_1/imports/CMPEN331_Lab5.srcs/sources_1/imports/CMPEN331_Lab4.srcs/sources_1/new/ALUMux.v:23]
INFO: [Synth 8-6155] done synthesizing module 'ALUMux' (0#1) [C:/Users/tannerkleintop/Desktop/CMPEN 311/CMPEN331_FinalProjectNoEC/CMPEN331_FinalProjectNoEC.srcs/sources_1/imports/CMPEN331_Lab5.srcs/sources_1/imports/CMPEN331_Lab4.srcs/sources_1/new/ALUMux.v:23]
INFO: [Synth 8-6157] synthesizing module 'EXEMEMpipeline' [C:/Users/tannerkleintop/Desktop/CMPEN 311/CMPEN331_FinalProjectNoEC/CMPEN331_FinalProjectNoEC.srcs/sources_1/imports/CMPEN331_Lab5.srcs/sources_1/imports/CMPEN331_Lab4.srcs/sources_1/new/EXEMEMpipeline.v:23]
INFO: [Synth 8-6155] done synthesizing module 'EXEMEMpipeline' (0#1) [C:/Users/tannerkleintop/Desktop/CMPEN 311/CMPEN331_FinalProjectNoEC/CMPEN331_FinalProjectNoEC.srcs/sources_1/imports/CMPEN331_Lab5.srcs/sources_1/imports/CMPEN331_Lab4.srcs/sources_1/new/EXEMEMpipeline.v:23]
INFO: [Synth 8-6157] synthesizing module 'DataMemory' [C:/Users/tannerkleintop/Desktop/CMPEN 311/CMPEN331_FinalProjectNoEC/CMPEN331_FinalProjectNoEC.srcs/sources_1/imports/CMPEN331_Lab5.srcs/sources_1/imports/CMPEN331_Lab4.srcs/sources_1/new/DataMemory.v:23]
INFO: [Synth 8-6155] done synthesizing module 'DataMemory' (0#1) [C:/Users/tannerkleintop/Desktop/CMPEN 311/CMPEN331_FinalProjectNoEC/CMPEN331_FinalProjectNoEC.srcs/sources_1/imports/CMPEN331_Lab5.srcs/sources_1/imports/CMPEN331_Lab4.srcs/sources_1/new/DataMemory.v:23]
INFO: [Synth 8-6157] synthesizing module 'MEMWBpipeline' [C:/Users/tannerkleintop/Desktop/CMPEN 311/CMPEN331_FinalProjectNoEC/CMPEN331_FinalProjectNoEC.srcs/sources_1/imports/CMPEN331_Lab5.srcs/sources_1/imports/CMPEN331_Lab4.srcs/sources_1/new/MEMWBpipeline.v:23]
INFO: [Synth 8-6155] done synthesizing module 'MEMWBpipeline' (0#1) [C:/Users/tannerkleintop/Desktop/CMPEN 311/CMPEN331_FinalProjectNoEC/CMPEN331_FinalProjectNoEC.srcs/sources_1/imports/CMPEN331_Lab5.srcs/sources_1/imports/CMPEN331_Lab4.srcs/sources_1/new/MEMWBpipeline.v:23]
INFO: [Synth 8-6157] synthesizing module 'WbMux' [C:/Users/tannerkleintop/Desktop/CMPEN 311/CMPEN331_FinalProjectNoEC/CMPEN331_FinalProjectNoEC.srcs/sources_1/imports/CMPEN331_Lab5.srcs/sources_1/new/WbMux.v:23]
INFO: [Synth 8-6155] done synthesizing module 'WbMux' (0#1) [C:/Users/tannerkleintop/Desktop/CMPEN 311/CMPEN331_FinalProjectNoEC/CMPEN331_FinalProjectNoEC.srcs/sources_1/imports/CMPEN331_Lab5.srcs/sources_1/new/WbMux.v:23]
INFO: [Synth 8-6157] synthesizing module 'Fwd_FwdMuxA' [C:/Users/tannerkleintop/Desktop/CMPEN 311/CMPEN331_FinalProjectNoEC/CMPEN331_FinalProjectNoEC.srcs/sources_1/new/Fwd_FwdMuxA.v:23]
INFO: [Synth 8-6155] done synthesizing module 'Fwd_FwdMuxA' (0#1) [C:/Users/tannerkleintop/Desktop/CMPEN 311/CMPEN331_FinalProjectNoEC/CMPEN331_FinalProjectNoEC.srcs/sources_1/new/Fwd_FwdMuxA.v:23]
INFO: [Synth 8-6157] synthesizing module 'Fwd_FwdMuxB' [C:/Users/tannerkleintop/Desktop/CMPEN 311/CMPEN331_FinalProjectNoEC/CMPEN331_FinalProjectNoEC.srcs/sources_1/new/Fwd_FwdMuxB.v:23]
INFO: [Synth 8-6155] done synthesizing module 'Fwd_FwdMuxB' (0#1) [C:/Users/tannerkleintop/Desktop/CMPEN 311/CMPEN331_FinalProjectNoEC/CMPEN331_FinalProjectNoEC.srcs/sources_1/new/Fwd_FwdMuxB.v:23]
INFO: [Synth 8-6155] done synthesizing module 'Datapath' (0#1) [C:/Users/tannerkleintop/Desktop/CMPEN 311/CMPEN331_FinalProjectNoEC/CMPEN331_FinalProjectNoEC.srcs/sources_1/imports/CMPEN331_Lab5.srcs/sources_1/imports/CMPEN331_Lab4.srcs/sources_1/imports/new/Datapath.v:23]
WARNING: [Synth 8-7129] Port mr[31] in module DataMemory is either unconnected or has no load
WARNING: [Synth 8-7129] Port mr[30] in module DataMemory is either unconnected or has no load
WARNING: [Synth 8-7129] Port mr[29] in module DataMemory is either unconnected or has no load
WARNING: [Synth 8-7129] Port mr[28] in module DataMemory is either unconnected or has no load
WARNING: [Synth 8-7129] Port mr[27] in module DataMemory is either unconnected or has no load
WARNING: [Synth 8-7129] Port mr[26] in module DataMemory is either unconnected or has no load
WARNING: [Synth 8-7129] Port mr[25] in module DataMemory is either unconnected or has no load
WARNING: [Synth 8-7129] Port mr[24] in module DataMemory is either unconnected or has no load
WARNING: [Synth 8-7129] Port mr[23] in module DataMemory is either unconnected or has no load
WARNING: [Synth 8-7129] Port mr[22] in module DataMemory is either unconnected or has no load
WARNING: [Synth 8-7129] Port mr[21] in module DataMemory is either unconnected or has no load
WARNING: [Synth 8-7129] Port mr[20] in module DataMemory is either unconnected or has no load
WARNING: [Synth 8-7129] Port mr[19] in module DataMemory is either unconnected or has no load
WARNING: [Synth 8-7129] Port mr[18] in module DataMemory is either unconnected or has no load
WARNING: [Synth 8-7129] Port mr[17] in module DataMemory is either unconnected or has no load
WARNING: [Synth 8-7129] Port mr[16] in module DataMemory is either unconnected or has no load
WARNING: [Synth 8-7129] Port mr[15] in module DataMemory is either unconnected or has no load
WARNING: [Synth 8-7129] Port mr[14] in module DataMemory is either unconnected or has no load
WARNING: [Synth 8-7129] Port mr[13] in module DataMemory is either unconnected or has no load
WARNING: [Synth 8-7129] Port mr[12] in module DataMemory is either unconnected or has no load
WARNING: [Synth 8-7129] Port mr[11] in module DataMemory is either unconnected or has no load
WARNING: [Synth 8-7129] Port mr[10] in module DataMemory is either unconnected or has no load
WARNING: [Synth 8-7129] Port mr[9] in module DataMemory is either unconnected or has no load
WARNING: [Synth 8-7129] Port mr[8] in module DataMemory is either unconnected or has no load
WARNING: [Synth 8-7129] Port pc[31] in module InstructionMemory is either unconnected or has no load
WARNING: [Synth 8-7129] Port pc[30] in module InstructionMemory is either unconnected or has no load
WARNING: [Synth 8-7129] Port pc[29] in module InstructionMemory is either unconnected or has no load
WARNING: [Synth 8-7129] Port pc[28] in module InstructionMemory is either unconnected or has no load
WARNING: [Synth 8-7129] Port pc[27] in module InstructionMemory is either unconnected or has no load
WARNING: [Synth 8-7129] Port pc[26] in module InstructionMemory is either unconnected or has no load
WARNING: [Synth 8-7129] Port pc[25] in module InstructionMemory is either unconnected or has no load
WARNING: [Synth 8-7129] Port pc[24] in module InstructionMemory is either unconnected or has no load
WARNING: [Synth 8-7129] Port pc[23] in module InstructionMemory is either unconnected or has no load
WARNING: [Synth 8-7129] Port pc[22] in module InstructionMemory is either unconnected or has no load
WARNING: [Synth 8-7129] Port pc[21] in module InstructionMemory is either unconnected or has no load
WARNING: [Synth 8-7129] Port pc[20] in module InstructionMemory is either unconnected or has no load
WARNING: [Synth 8-7129] Port pc[19] in module InstructionMemory is either unconnected or has no load
WARNING: [Synth 8-7129] Port pc[18] in module InstructionMemory is either unconnected or has no load
WARNING: [Synth 8-7129] Port pc[17] in module InstructionMemory is either unconnected or has no load
WARNING: [Synth 8-7129] Port pc[16] in module InstructionMemory is either unconnected or has no load
WARNING: [Synth 8-7129] Port pc[15] in module InstructionMemory is either unconnected or has no load
WARNING: [Synth 8-7129] Port pc[14] in module InstructionMemory is either unconnected or has no load
WARNING: [Synth 8-7129] Port pc[13] in module InstructionMemory is either unconnected or has no load
WARNING: [Synth 8-7129] Port pc[12] in module InstructionMemory is either unconnected or has no load
WARNING: [Synth 8-7129] Port pc[11] in module InstructionMemory is either unconnected or has no load
WARNING: [Synth 8-7129] Port pc[10] in module InstructionMemory is either unconnected or has no load
WARNING: [Synth 8-7129] Port pc[9] in module InstructionMemory is either unconnected or has no load
WARNING: [Synth 8-7129] Port pc[8] in module InstructionMemory is either unconnected or has no load
WARNING: [Synth 8-7129] Port pc[1] in module InstructionMemory is either unconnected or has no load
WARNING: [Synth 8-7129] Port pc[0] in module InstructionMemory is either unconnected or has no load
---------------------------------------------------------------------------------
Finished Synthesize : Time (s): cpu = 00:00:16 ; elapsed = 00:00:17 . Memory (MB): peak = 2460.156 ; gain = 505.664
---------------------------------------------------------------------------------
---------------------------------------------------------------------------------
Finished Constraint Validation : Time (s): cpu = 00:00:17 ; elapsed = 00:00:18 . Memory (MB): peak = 2460.156 ; gain = 505.664
---------------------------------------------------------------------------------
---------------------------------------------------------------------------------
Start Loading Part and Timing Information
---------------------------------------------------------------------------------
Loading part: xc7z010clg400-1
---------------------------------------------------------------------------------
Finished Loading Part and Timing Information : Time (s): cpu = 00:00:17 ; elapsed = 00:00:18 . Memory (MB): peak = 2460.156 ; gain = 505.664
---------------------------------------------------------------------------------
INFO: [Device 21-403] Loading part xc7z010clg400-1
WARNING: [Synth 8-327] inferring latch for variable 'wreg_reg' [C:/Users/tannerkleintop/Desktop/CMPEN 311/CMPEN331_FinalProjectNoEC/CMPEN331_FinalProjectNoEC.srcs/sources_1/imports/CMPEN331_Lab5.srcs/sources_1/imports/CMPEN331_Lab4.srcs/sources_1/imports/new/ControlUnit.v:133]
WARNING: [Synth 8-327] inferring latch for variable 'wmem_reg' [C:/Users/tannerkleintop/Desktop/CMPEN 311/CMPEN331_FinalProjectNoEC/CMPEN331_FinalProjectNoEC.srcs/sources_1/imports/CMPEN331_Lab5.srcs/sources_1/imports/CMPEN331_Lab4.srcs/sources_1/imports/new/ControlUnit.v:134]
WARNING: [Synth 8-327] inferring latch for variable 'r_reg' [C:/Users/tannerkleintop/Desktop/CMPEN 311/CMPEN331_FinalProjectNoEC/CMPEN331_FinalProjectNoEC.srcs/sources_1/imports/CMPEN331_Lab5.srcs/sources_1/imports/CMPEN331_Lab4.srcs/sources_1/new/ALU.v:42]
---------------------------------------------------------------------------------
Finished RTL Optimization Phase 2 : Time (s): cpu = 00:00:18 ; elapsed = 00:00:19 . Memory (MB): peak = 2460.156 ; gain = 505.664
---------------------------------------------------------------------------------
No constraint files found.
---------------------------------------------------------------------------------
Start RTL Component Statistics 
---------------------------------------------------------------------------------
Detailed RTL Component Info : 
+---Adders : 
	   2 Input   32 Bit       Adders := 1     
	   3 Input   32 Bit       Adders := 1     
+---XORs : 
	   2 Input     32 Bit         XORs := 1     
+---Registers : 
	               32 Bit    Registers := 9     
	                5 Bit    Registers := 3     
	                4 Bit    Registers := 1     
	                1 Bit    Registers := 9     
+---Muxes : 
	   6 Input   32 Bit        Muxes := 1     
	   7 Input   32 Bit        Muxes := 2     
	   2 Input   32 Bit        Muxes := 2     
	   4 Input   32 Bit        Muxes := 2     
	   2 Input    5 Bit        Muxes := 1     
	   2 Input    3 Bit        Muxes := 1     
	   6 Input    3 Bit        Muxes := 1     
	   4 Input    3 Bit        Muxes := 1     
	   2 Input    2 Bit        Muxes := 4     
	   2 Input    1 Bit        Muxes := 1     
	   6 Input    1 Bit        Muxes := 1     
	   4 Input    1 Bit        Muxes := 4     
	   7 Input    1 Bit        Muxes := 1     
---------------------------------------------------------------------------------
Finished RTL Component Statistics 
---------------------------------------------------------------------------------
---------------------------------------------------------------------------------
Start Part Resource Summary
---------------------------------------------------------------------------------
Part Resources:
DSPs: 80 (col length:40)
BRAMs: 120 (col length: RAMB18 40 RAMB36 20)
---------------------------------------------------------------------------------
Finished Part Resource Summary
---------------------------------------------------------------------------------
No constraint files found.
---------------------------------------------------------------------------------
Start Cross Boundary and Area Optimization
---------------------------------------------------------------------------------
WARNING: [Synth 8-7080] Parallel synthesis criteria is not met
---------------------------------------------------------------------------------
Finished Cross Boundary and Area Optimization : Time (s): cpu = 00:00:36 ; elapsed = 00:00:38 . Memory (MB): peak = 2656.992 ; gain = 702.500
---------------------------------------------------------------------------------
---------------------------------------------------------------------------------
Start ROM, RAM, DSP, Shift Register and Retiming Reporting
---------------------------------------------------------------------------------

Distributed RAM: Preliminary Mapping Report (see note below)
+------------+----------------------------------+-----------+----------------------+--------------+
|Module Name | RTL Object                       | Inference | Size (Depth x Width) | Primitives   | 
+------------+----------------------------------+-----------+----------------------+--------------+
|Datapath    | ID_RegisterFile_dp/register_reg  | Implied   | 32 x 32              | RAM32M x 12  | 
|Datapath    | MEM_DataMemory_dp/dataMemory_reg | Implied   | 64 x 32              | RAM64M x 11  | 
+------------+----------------------------------+-----------+----------------------+--------------+

Note: The table above is a preliminary report that shows the Distributed RAMs at the current stage of the synthesis flow. Some Distributed RAMs may be reimplemented as non Distributed RAM primitives later in the synthesis flow. Multiple instantiated RAMs are reported only once.
---------------------------------------------------------------------------------
Finished ROM, RAM, DSP, Shift Register and Retiming Reporting
---------------------------------------------------------------------------------
No constraint files found.
---------------------------------------------------------------------------------
Start Timing Optimization
---------------------------------------------------------------------------------
---------------------------------------------------------------------------------
Finished Timing Optimization : Time (s): cpu = 00:00:36 ; elapsed = 00:00:38 . Memory (MB): peak = 2656.992 ; gain = 702.500
---------------------------------------------------------------------------------
---------------------------------------------------------------------------------
Start ROM, RAM, DSP, Shift Register and Retiming Reporting
---------------------------------------------------------------------------------

Distributed RAM: Final Mapping Report
+------------+----------------------------------+-----------+----------------------+--------------+
|Module Name | RTL Object                       | Inference | Size (Depth x Width) | Primitives   | 
+------------+----------------------------------+-----------+----------------------+--------------+
|Datapath    | ID_RegisterFile_dp/register_reg  | Implied   | 32 x 32              | RAM32M x 12  | 
|Datapath    | MEM_DataMemory_dp/dataMemory_reg | Implied   | 64 x 32              | RAM64M x 11  | 
+------------+----------------------------------+-----------+----------------------+--------------+

---------------------------------------------------------------------------------
Finished ROM, RAM, DSP, Shift Register and Retiming Reporting
---------------------------------------------------------------------------------
---------------------------------------------------------------------------------
Start Technology Mapping
---------------------------------------------------------------------------------
WARNING: [Synth 8-3332] Sequential element (ID_controlUnit_dp/wmem_reg) is unused and will be removed from module Datapath.
CRITICAL WARNING: [Synth 8-6859] multi-driven net on pin Q with 1st driver pin 'ID_controlUnit_dp/wmem_reg/Q' [C:/Users/tannerkleintop/Desktop/CMPEN 311/CMPEN331_FinalProjectNoEC/CMPEN331_FinalProjectNoEC.srcs/sources_1/imports/CMPEN331_Lab5.srcs/sources_1/imports/CMPEN331_Lab4.srcs/sources_1/imports/new/ControlUnit.v:134]
CRITICAL WARNING: [Synth 8-6859] multi-driven net on pin Q with 2nd driver pin 'GND' [C:/Users/tannerkleintop/Desktop/CMPEN 311/CMPEN331_FinalProjectNoEC/CMPEN331_FinalProjectNoEC.srcs/sources_1/imports/CMPEN331_Lab5.srcs/sources_1/imports/CMPEN331_Lab4.srcs/sources_1/imports/new/ControlUnit.v:134]
CRITICAL WARNING: [Synth 8-6858] multi-driven net Q is connected to at least one constant driver which has been preserved, other driver is ignored [C:/Users/tannerkleintop/Desktop/CMPEN 311/CMPEN331_FinalProjectNoEC/CMPEN331_FinalProjectNoEC.srcs/sources_1/imports/CMPEN331_Lab5.srcs/sources_1/imports/CMPEN331_Lab4.srcs/sources_1/imports/new/ControlUnit.v:134]
---------------------------------------------------------------------------------
Finished Technology Mapping : Time (s): cpu = 00:00:36 ; elapsed = 00:00:38 . Memory (MB): peak = 2659.977 ; gain = 705.484
---------------------------------------------------------------------------------
---------------------------------------------------------------------------------
Start IO Insertion
---------------------------------------------------------------------------------
---------------------------------------------------------------------------------
Start Flattening Before IO Insertion
---------------------------------------------------------------------------------
---------------------------------------------------------------------------------
Finished Flattening Before IO Insertion
---------------------------------------------------------------------------------
---------------------------------------------------------------------------------
Start Final Netlist Cleanup
---------------------------------------------------------------------------------
---------------------------------------------------------------------------------
Finished Final Netlist Cleanup
---------------------------------------------------------------------------------
---------------------------------------------------------------------------------
Finished IO Insertion : Time (s): cpu = 00:00:46 ; elapsed = 00:00:48 . Memory (MB): peak = 2659.977 ; gain = 705.484
---------------------------------------------------------------------------------
---------------------------------------------------------------------------------
Start Renaming Generated Instances
---------------------------------------------------------------------------------
---------------------------------------------------------------------------------
Finished Renaming Generated Instances : Time (s): cpu = 00:00:46 ; elapsed = 00:00:48 . Memory (MB): peak = 2659.977 ; gain = 705.484
---------------------------------------------------------------------------------
CRITICAL WARNING: [Synth 8-6859] multi-driven net on pin ewreg_i_1_n_1 with 1st driver pin 'ewreg_i_1/O' [C:/Users/tannerkleintop/Desktop/CMPEN 311/CMPEN331_FinalProjectNoEC/CMPEN331_FinalProjectNoEC.srcs/sources_1/imports/CMPEN331_Lab5.srcs/sources_1/imports/CMPEN331_Lab4.srcs/sources_1/imports/new/Datapath.v:23]
CRITICAL WARNING: [Synth 8-6859] multi-driven net on pin ewreg_i_1_n_1 with 2nd driver pin 'ID_controlUnit_dp/wreg_reg/Q' [C:/Users/tannerkleintop/Desktop/CMPEN 311/CMPEN331_FinalProjectNoEC/CMPEN331_FinalProjectNoEC.srcs/sources_1/imports/CMPEN331_Lab5.srcs/sources_1/imports/CMPEN331_Lab4.srcs/sources_1/imports/new/ControlUnit.v:133]

Report Check Netlist: 
+------+------------------+-------+---------+-------+------------------+
|      |Item              |Errors |Warnings |Status |Description       |
+------+------------------+-------+---------+-------+------------------+
|1     |multi_driven_nets |      0|        1|Failed |Multi driven nets |
+------+------------------+-------+---------+-------+------------------+
---------------------------------------------------------------------------------
Start Rebuilding User Hierarchy
---------------------------------------------------------------------------------
---------------------------------------------------------------------------------
Finished Rebuilding User Hierarchy : Time (s): cpu = 00:00:46 ; elapsed = 00:00:49 . Memory (MB): peak = 2659.977 ; gain = 705.484
---------------------------------------------------------------------------------
---------------------------------------------------------------------------------
Start Renaming Generated Ports
---------------------------------------------------------------------------------
---------------------------------------------------------------------------------
Finished Renaming Generated Ports : Time (s): cpu = 00:00:46 ; elapsed = 00:00:49 . Memory (MB): peak = 2659.977 ; gain = 705.484
---------------------------------------------------------------------------------
---------------------------------------------------------------------------------
Start Handling Custom Attributes
---------------------------------------------------------------------------------
---------------------------------------------------------------------------------
Finished Handling Custom Attributes : Time (s): cpu = 00:00:46 ; elapsed = 00:00:49 . Memory (MB): peak = 2659.977 ; gain = 705.484
---------------------------------------------------------------------------------
---------------------------------------------------------------------------------
Start Renaming Generated Nets
---------------------------------------------------------------------------------
---------------------------------------------------------------------------------
Finished Renaming Generated Nets : Time (s): cpu = 00:00:47 ; elapsed = 00:00:49 . Memory (MB): peak = 2659.977 ; gain = 705.484
---------------------------------------------------------------------------------
---------------------------------------------------------------------------------
Start Writing Synthesis Report
---------------------------------------------------------------------------------

Report BlackBoxes: 
+-+--------------+----------+
| |BlackBox name |Instances |
+-+--------------+----------+
+-+--------------+----------+

Report Cell Usage: 
+------+---------+------+
|      |Cell     |Count |
+------+---------+------+
|1     |BUFG     |     2|
|2     |CARRY4   |    16|
|3     |LUT1     |     5|
|4     |LUT2     |     3|
|5     |LUT3     |    39|
|6     |LUT4     |     1|
|7     |LUT5     |    33|
|8     |LUT6     |    68|
|9     |RAM32M   |    10|
|10    |RAM32X1D |     4|
|11    |RAM64M   |    11|
|12    |FDRE     |   248|
|13    |LD       |    33|
|14    |IBUF     |     1|
|15    |OBUF     |   316|
+------+---------+------+

Report Instance Areas: 
+------+-----------------------+----------------+------+
|      |Instance               |Module          |Cells |
+------+-----------------------+----------------+------+
|1     |top                    |                |   790|
|2     |  EXEMempipeline_dp    |EXEMEMpipeline  |   102|
|3     |  EXE_ALU_dp           |ALU             |   104|
|4     |  IDEXEpipeline_dp     |IDEXEpipeline   |   110|
|5     |  ID_RegisterFile_dp   |RegisterFile    |    14|
|6     |  ID_controlUnit_dp    |ControlUnit     |     1|
|7     |  IFIDpipelineReg_dp   |IFIDpipelineReg |    14|
|8     |  IF_ProgramCounter_dp |ProgramCounter  |    46|
|9     |  MEMWBpipeline_dp     |MEMWBpipeline   |    68|
|10    |  MEM_DataMemory_dp    |DataMemory      |    11|
+------+-----------------------+----------------+------+
---------------------------------------------------------------------------------
Finished Writing Synthesis Report : Time (s): cpu = 00:00:47 ; elapsed = 00:00:49 . Memory (MB): peak = 2659.977 ; gain = 705.484
---------------------------------------------------------------------------------
Synthesis finished with 0 errors, 5 critical warnings and 55 warnings.
Synthesis Optimization Runtime : Time (s): cpu = 00:00:47 ; elapsed = 00:00:49 . Memory (MB): peak = 2659.977 ; gain = 705.484
Synthesis Optimization Complete : Time (s): cpu = 00:00:47 ; elapsed = 00:00:49 . Memory (MB): peak = 2659.977 ; gain = 705.484
INFO: [Project 1-571] Translating synthesized netlist
Netlist sorting complete. Time (s): cpu = 00:00:01 ; elapsed = 00:00:00.034 . Memory (MB): peak = 2665.848 ; gain = 0.000
INFO: [Netlist 29-17] Analyzing 74 Unisim elements for replacement
INFO: [Netlist 29-28] Unisim Transformation completed in 0 CPU seconds
INFO: [Project 1-570] Preparing netlist for logic optimization
INFO: [Opt 31-138] Pushed 1 inverter(s) to 25 load pin(s).
Netlist sorting complete. Time (s): cpu = 00:00:00 ; elapsed = 00:00:00.001 . Memory (MB): peak = 2770.738 ; gain = 0.000
INFO: [Project 1-111] Unisim Transformation Summary:
  A total of 58 instances were transformed.
  LD => LDCE: 33 instances
  RAM32M => RAM32M (inverted pins: WCLK) (RAMD32(x6), RAMS32(x2)): 10 instances
  RAM32X1D => RAM32X1D (inverted pins: WCLK) (RAMD32(x2)): 4 instances
  RAM64M => RAM64M (inverted pins: WCLK) (RAMD64E(x4)): 11 instances

Synth Design complete | Checksum: 4b1a8080
INFO: [Common 17-83] Releasing license: Synthesis
49 Infos, 55 Warnings, 5 Critical Warnings and 0 Errors encountered.
synth_design completed successfully
synth_design: Time (s): cpu = 00:00:52 ; elapsed = 00:00:55 . Memory (MB): peak = 2770.738 ; gain = 841.137
INFO: [runtcl-6] Synthesis results are not added to the cache due to CRITICAL_WARNING
INFO: [Common 17-1381] The checkpoint 'C:/Users/tannerkleintop/Desktop/CMPEN 311/CMPEN331_FinalProjectNoEC/CMPEN331_FinalProjectNoEC.runs/synth_1/Datapath.dcp' has been generated.
INFO: [runtcl-4] Executing : report_utilization -file Datapath_utilization_synth.rpt -pb Datapath_utilization_synth.pb
INFO: [Common 17-206] Exiting Vivado at Mon Dec  4 12:02:24 2023...
