INFO: [VRFC 10-2263] Analyzing Verilog file "C:/Users/tannerkleintop/Desktop/CMPEN 311/CMPEN331_Lab4/CMPEN331_Lab4.srcs/sources_1/new/ALU.v" into library xil_defaultlib
INFO: [VRFC 10-311] analyzing module ALU
INFO: [VRFC 10-2263] Analyzing Verilog file "C:/Users/tannerkleintop/Desktop/CMPEN 311/CMPEN331_Lab4/CMPEN331_Lab4.srcs/sources_1/new/ALUMux.v" into library xil_defaultlib
INFO: [VRFC 10-311] analyzing module ALUMux
INFO: [VRFC 10-2263] Analyzing Verilog file "C:/Users/tannerkleintop/Desktop/CMPEN 311/CMPEN331_Lab4/CMPEN331_Lab4.srcs/sources_1/imports/new/ControlUnit.v" into library xil_defaultlib
INFO: [VRFC 10-311] analyzing module ControlUnit
INFO: [VRFC 10-2263] Analyzing Verilog file "C:/Users/tannerkleintop/Desktop/CMPEN 311/CMPEN331_Lab4/CMPEN331_Lab4.srcs/sources_1/new/DataMemory.v" into library xil_defaultlib
INFO: [VRFC 10-311] analyzing module DataMemory
INFO: [VRFC 10-2263] Analyzing Verilog file "C:/Users/tannerkleintop/Desktop/CMPEN 311/CMPEN331_Lab4/CMPEN331_Lab4.srcs/sources_1/imports/new/Datapath.v" into library xil_defaultlib
INFO: [VRFC 10-311] analyzing module Datapath
INFO: [VRFC 10-2263] Analyzing Verilog file "C:/Users/tannerkleintop/Desktop/CMPEN 311/CMPEN331_Lab4/CMPEN331_Lab4.srcs/sources_1/new/EXEMEMpipeline.v" into library xil_defaultlib
INFO: [VRFC 10-311] analyzing module EXEMEMpipeline
INFO: [VRFC 10-2263] Analyzing Verilog file "C:/Users/tannerkleintop/Desktop/CMPEN 311/CMPEN331_Lab4/CMPEN331_Lab4.srcs/sources_1/imports/new/IDEXEpipeline.v" into library xil_defaultlib
INFO: [VRFC 10-311] analyzing module IDEXEpipeline
INFO: [VRFC 10-2263] Analyzing Verilog file "C:/Users/tannerkleintop/Desktop/CMPEN 311/CMPEN331_Lab4/CMPEN331_Lab4.srcs/sources_1/imports/new/IFIDpipelineReg.v" into library xil_defaultlib
INFO: [VRFC 10-311] analyzing module IFIDpipelineReg
INFO: [VRFC 10-2263] Analyzing Verilog file "C:/Users/tannerkleintop/Desktop/CMPEN 311/CMPEN331_Lab4/CMPEN331_Lab4.srcs/sources_1/imports/new/ImmediateExtender.v" into library xil_defaultlib
INFO: [VRFC 10-311] analyzing module ImmediateExtender
INFO: [VRFC 10-2263] Analyzing Verilog file "C:/Users/tannerkleintop/Desktop/CMPEN 311/CMPEN331_Lab4/CMPEN331_Lab4.srcs/sources_1/imports/new/InstructionMemory.v" into library xil_defaultlib
INFO: [VRFC 10-311] analyzing module InstructionMemory
INFO: [VRFC 10-2263] Analyzing Verilog file "C:/Users/tannerkleintop/Desktop/CMPEN 311/CMPEN331_Lab4/CMPEN331_Lab4.srcs/sources_1/new/MEMWBpipeline.v" into library xil_defaultlib
INFO: [VRFC 10-311] analyzing module MEMWBpipeline
INFO: [VRFC 10-2263] Analyzing Verilog file "C:/Users/tannerkleintop/Desktop/CMPEN 311/CMPEN331_Lab4/CMPEN331_Lab4.srcs/sources_1/imports/new/ProgramCounter.v" into library xil_defaultlib
INFO: [VRFC 10-311] analyzing module ProgramCounter
INFO: [VRFC 10-2263] Analyzing Verilog file "C:/Users/tannerkleintop/Desktop/CMPEN 311/CMPEN331_Lab4/CMPEN331_Lab4.srcs/sources_1/imports/new/RegisterFile.v" into library xil_defaultlib
INFO: [VRFC 10-311] analyzing module RegisterFile
INFO: [VRFC 10-2263] Analyzing Verilog file "C:/Users/tannerkleintop/Desktop/CMPEN 311/CMPEN331_Lab4/CMPEN331_Lab4.srcs/sources_1/imports/new/RegrtMultiplexer.v" into library xil_defaultlib
INFO: [VRFC 10-311] analyzing module RegrtMultiplexer
INFO: [VRFC 10-2263] Analyzing Verilog file "C:/Users/tannerkleintop/Desktop/CMPEN 311/CMPEN331_Lab4/CMPEN331_Lab4.srcs/sources_1/imports/new/pcAdder.v" into library xil_defaultlib
INFO: [VRFC 10-311] analyzing module pcAdder
INFO: [VRFC 10-2263] Analyzing Verilog file "C:/Users/tannerkleintop/Desktop/CMPEN 311/CMPEN331_Lab4/CMPEN331_Lab4.srcs/sim_1/imports/CMPEN331_Lab3/TestBench.v" into library xil_defaultlib
INFO: [VRFC 10-311] analyzing module TestBench
